<?xml version="1.0" encoding="UTF-8"?>
<!-- Generated by org.testng.reporters.JUnitReportReporter -->
<testsuite hostname="DESKTOP-TKNABN7" failures="0" tests="1" name="testScripts.TC_1_LoginScenarios" time="65.097" errors="0" timestamp="09 Feb. 2020 17:25:02 GMT" skipped="0">
  <testcase classname="testScripts.TC_1_LoginScenarios" name="successfullLogin" time="65.097"/>
</testsuite> <!-- testScripts.TC_1_LoginScenarios -->
