<?xml version="1.0" encoding="UTF-8"?>
<!-- Generated by org.testng.reporters.JUnitReportReporter -->
<testsuite hostname="DESKTOP-TKNABN7" failures="0" tests="3" name="testScripts.TC_2_DataDrivenLogin" time="41.209" errors="0" timestamp="07 Feb. 2020 15:49:58 GMT" skipped="0">
  <testcase classname="testScripts.TC_2_DataDrivenLogin" name="dataDrivenSearch" time="17.877"/>
  <testcase classname="testScripts.TC_2_DataDrivenLogin" name="dataDrivenSearch" time="13.765"/>
  <testcase classname="testScripts.TC_2_DataDrivenLogin" name="dataDrivenSearch" time="9.567"/>
</testsuite> <!-- testScripts.TC_2_DataDrivenLogin -->
